<?xml version="1.0" encoding="UTF-8"?>
<!-- Generated by org.testng.reporters.JUnitReportReporter -->
<testsuite skipped="0" hostname="rv" name="r.aTest" tests="1" failures="0" timestamp="2021-04-09T12:42:33 GMT-04:00" time="13.280" errors="0">
  <testcase name="test" time="13.280" classname="r.aTest"/>
  <system-out/>
</testsuite> <!-- r.aTest -->
